<?xml version="1.0" encoding="UTF-8"?>
<!-- Generated by org.testng.reporters.JUnitReportReporter -->
<testsuite hostname="Anujan" name="basic.JenkinsTest" tests="1" failures="0" timestamp="11 Mar 2025 16:21:49 GMT" time="0.013" errors="0">
  <testcase name="tetsing" time="0.013" classname="basic.JenkinsTest"/>
</testsuite> <!-- basic.JenkinsTest -->
