<?xml version="1.0" encoding="UTF-8"?>
<!-- Generated by org.testng.reporters.JUnitReportReporter -->
<testsuite hostname="Anujan" failures="0" tests="3" name="basic.JenkinsTest" time="0.004" errors="0" timestamp="14 Mar 2025 15:41:47 GMT">
  <testcase classname="basic.JenkinsTest" name="tetsing2" time="0.000"/>
  <testcase classname="basic.JenkinsTest" name="tetsing" time="0.004"/>
  <testcase classname="basic.JenkinsTest" name="tetsing1" time="0.000"/>
</testsuite> <!-- basic.JenkinsTest -->
